<?xml version="1.0" encoding="UTF-8"?>
<testng-results skipped="0" failed="0" ignored="0" total="1" passed="1">
  <reporter-output>
  </reporter-output>
  <suite name="Data Driven Basics" duration-ms="3920" started-at="2020-06-03T19:29:08 IST" finished-at="2020-06-03T19:29:12 IST">
    <groups>
    </groups>
    <test name="Hello Test" duration-ms="3920" started-at="2020-06-03T19:29:08 IST" finished-at="2020-06-03T19:29:12 IST">
      <class name="com.suresh.rough.HelloTest">
        <test-method status="PASS" signature="setUp()[pri:0, instance:com.suresh.rough.HelloTest@3d6f0054]" name="setUp" is-config="true" duration-ms="6705" started-at="2020-06-03T19:29:01 IST" finished-at="2020-06-03T19:29:08 IST">
          <reporter-output>
          </reporter-output>
        </test-method> <!-- setUp -->
        <test-method status="PASS" signature="setUp()[pri:0, instance:com.suresh.rough.HelloTest@3d6f0054]" name="setUp" is-config="true" duration-ms="0" started-at="2020-06-03T19:29:08 IST" finished-at="2020-06-03T19:29:08 IST">
          <reporter-output>
          </reporter-output>
        </test-method> <!-- setUp -->
        <test-method status="PASS" signature="helloTest()[pri:0, instance:com.suresh.rough.HelloTest@3d6f0054]" name="helloTest" duration-ms="11" started-at="2020-06-03T19:29:08 IST" finished-at="2020-06-03T19:29:08 IST">
          <reporter-output>
          </reporter-output>
        </test-method> <!-- helloTest -->
        <test-method status="PASS" signature="tearDown()[pri:0, instance:com.suresh.rough.HelloTest@3d6f0054]" name="tearDown" is-config="true" duration-ms="3546" started-at="2020-06-03T19:29:08 IST" finished-at="2020-06-03T19:29:12 IST">
          <reporter-output>
          </reporter-output>
        </test-method> <!-- tearDown -->
        <test-method status="PASS" signature="tearDown()[pri:0, instance:com.suresh.rough.HelloTest@3d6f0054]" name="tearDown" is-config="true" duration-ms="1" started-at="2020-06-03T19:29:12 IST" finished-at="2020-06-03T19:29:12 IST">
          <reporter-output>
          </reporter-output>
        </test-method> <!-- tearDown -->
      </class> <!-- com.suresh.rough.HelloTest -->
    </test> <!-- Hello Test -->
  </suite> <!-- Data Driven Basics -->
</testng-results>
